The system is: Linux - 3.16-2-amd64 - x86_64
Compiling the C compiler identification source file "CMakeCCompilerId.c" succeeded.
Compiler: /usr/bin/cc 
Build flags: 
Id flags: 

The output was:
0


Compilation of the C compiler identification source "CMakeCCompilerId.c" produced "a.out"

The C compiler identification is GNU, found in "/home/mh/RTL/LATEST_RTL/DT_GIT/medusa/software/librtlhpsdr/build/CMakeFiles/3.0.2/CompilerIdC/a.out"

Determining if the C compiler works passed with the following output:
Change Dir: /home/mh/RTL/LATEST_RTL/DT_GIT/medusa/software/librtlhpsdr/build/CMakeFiles/CMakeTmp

Run Build Command:"/usr/bin/make" "cmTryCompileExec3766037048/fast"
/usr/bin/make -f CMakeFiles/cmTryCompileExec3766037048.dir/build.make CMakeFiles/cmTryCompileExec3766037048.dir/build
make[1]: Entering directory '/home/mh/RTL/LATEST_RTL/DT_GIT/medusa/software/librtlhpsdr/build/CMakeFiles/CMakeTmp'
/usr/bin/cmake -E cmake_progress_report /home/mh/RTL/LATEST_RTL/DT_GIT/medusa/software/librtlhpsdr/build/CMakeFiles/CMakeTmp/CMakeFiles 1
Building C object CMakeFiles/cmTryCompileExec3766037048.dir/testCCompiler.c.o
/usr/bin/cc    -o CMakeFiles/cmTryCompileExec3766037048.dir/testCCompiler.c.o   -c /home/mh/RTL/LATEST_RTL/DT_GIT/medusa/software/librtlhpsdr/build/CMakeFiles/CMakeTmp/testCCompiler.c
Linking C executable cmTryCompileExec3766037048
/usr/bin/cmake -E cmake_link_script CMakeFiles/cmTryCompileExec3766037048.dir/link.txt --verbose=1
/usr/bin/cc       CMakeFiles/cmTryCompileExec3766037048.dir/testCCompiler.c.o  -o cmTryCompileExec3766037048 -rdynamic 
make[1]: Leaving directory '/home/mh/RTL/LATEST_RTL/DT_GIT/medusa/software/librtlhpsdr/build/CMakeFiles/CMakeTmp'


Detecting C compiler ABI info compiled with the following output:
Change Dir: /home/mh/RTL/LATEST_RTL/DT_GIT/medusa/software/librtlhpsdr/build/CMakeFiles/CMakeTmp

Run Build Command:"/usr/bin/make" "cmTryCompileExec485251299/fast"
/usr/bin/make -f CMakeFiles/cmTryCompileExec485251299.dir/build.make CMakeFiles/cmTryCompileExec485251299.dir/build
make[1]: Entering directory '/home/mh/RTL/LATEST_RTL/DT_GIT/medusa/software/librtlhpsdr/build/CMakeFiles/CMakeTmp'
/usr/bin/cmake -E cmake_progress_report /home/mh/RTL/LATEST_RTL/DT_GIT/medusa/software/librtlhpsdr/build/CMakeFiles/CMakeTmp/CMakeFiles 1
Building C object CMakeFiles/cmTryCompileExec485251299.dir/CMakeCCompilerABI.c.o
/usr/bin/cc    -o CMakeFiles/cmTryCompileExec485251299.dir/CMakeCCompilerABI.c.o   -c /usr/share/cmake-3.0/Modules/CMakeCCompilerABI.c
Linking C executable cmTryCompileExec485251299
/usr/bin/cmake -E cmake_link_script CMakeFiles/cmTryCompileExec485251299.dir/link.txt --verbose=1
/usr/bin/cc     -v CMakeFiles/cmTryCompileExec485251299.dir/CMakeCCompilerABI.c.o  -o cmTryCompileExec485251299 -rdynamic  
Using built-in specs.
COLLECT_GCC=/usr/bin/cc
COLLECT_LTO_WRAPPER=/usr/lib/gcc/x86_64-linux-gnu/4.9/lto-wrapper
Target: x86_64-linux-gnu
Configured with: ../src/configure -v --with-pkgversion='Debian 4.9.1-16' --with-bugurl=file:///usr/share/doc/gcc-4.9/README.Bugs --enable-languages=c,c++,java,go,d,fortran,objc,obj-c++ --prefix=/usr --program-suffix=-4.9 --enable-shared --enable-linker-build-id --libexecdir=/usr/lib --without-included-gettext --enable-threads=posix --with-gxx-include-dir=/usr/include/c++/4.9 --libdir=/usr/lib --enable-nls --with-sysroot=/ --enable-clocale=gnu --enable-libstdcxx-debug --enable-libstdcxx-time=yes --enable-gnu-unique-object --disable-vtable-verify --enable-plugin --with-system-zlib --disable-browser-plugin --enable-java-awt=gtk --enable-gtk-cairo --with-java-home=/usr/lib/jvm/java-1.5.0-gcj-4.9-amd64/jre --enable-java-home --with-jvm-root-dir=/usr/lib/jvm/java-1.5.0-gcj-4.9-amd64 --with-jvm-jar-dir=/usr/lib/jvm-exports/java-1.5.0-gcj-4.9-amd64 --with-arch-directory=amd64 --with-ecj-jar=/usr/share/java/eclipse-ecj.jar --enable-objc-gc --enable-multiarch --with-arch-32=i586 --with-abi=m64 --with-multilib-list=m32,m64,mx32 --enable-multilib --with-tune=generic --enable-checking=release --build=x86_64-linux-gnu --host=x86_64-linux-gnu --target=x86_64-linux-gnu
Thread model: posix
gcc version 4.9.1 (Debian 4.9.1-16) 
COMPILER_PATH=/usr/lib/gcc/x86_64-linux-gnu/4.9/:/usr/lib/gcc/x86_64-linux-gnu/4.9/:/usr/lib/gcc/x86_64-linux-gnu/:/usr/lib/gcc/x86_64-linux-gnu/4.9/:/usr/lib/gcc/x86_64-linux-gnu/
LIBRARY_PATH=/usr/lib/gcc/x86_64-linux-gnu/4.9/:/usr/lib/gcc/x86_64-linux-gnu/4.9/../../../x86_64-linux-gnu/:/usr/lib/gcc/x86_64-linux-gnu/4.9/../../../../lib/:/lib/x86_64-linux-gnu/:/lib/../lib/:/usr/lib/x86_64-linux-gnu/:/usr/lib/../lib/:/usr/lib/gcc/x86_64-linux-gnu/4.9/../../../:/lib/:/usr/lib/
COLLECT_GCC_OPTIONS='-v' '-o' 'cmTryCompileExec485251299' '-rdynamic' '-mtune=generic' '-march=x86-64'
 /usr/lib/gcc/x86_64-linux-gnu/4.9/collect2 -plugin /usr/lib/gcc/x86_64-linux-gnu/4.9/liblto_plugin.so -plugin-opt=/usr/lib/gcc/x86_64-linux-gnu/4.9/lto-wrapper -plugin-opt=-fresolution=/tmp/cc51ghgB.res -plugin-opt=-pass-through=-lgcc -plugin-opt=-pass-through=-lgcc_s -plugin-opt=-pass-through=-lc -plugin-opt=-pass-through=-lgcc -plugin-opt=-pass-through=-lgcc_s --sysroot=/ --build-id --eh-frame-hdr -m elf_x86_64 --hash-style=gnu -export-dynamic -dynamic-linker /lib64/ld-linux-x86-64.so.2 -o cmTryCompileExec485251299 /usr/lib/gcc/x86_64-linux-gnu/4.9/../../../x86_64-linux-gnu/crt1.o /usr/lib/gcc/x86_64-linux-gnu/4.9/../../../x86_64-linux-gnu/crti.o /usr/lib/gcc/x86_64-linux-gnu/4.9/crtbegin.o -L/usr/lib/gcc/x86_64-linux-gnu/4.9 -L/usr/lib/gcc/x86_64-linux-gnu/4.9/../../../x86_64-linux-gnu -L/usr/lib/gcc/x86_64-linux-gnu/4.9/../../../../lib -L/lib/x86_64-linux-gnu -L/lib/../lib -L/usr/lib/x86_64-linux-gnu -L/usr/lib/../lib -L/usr/lib/gcc/x86_64-linux-gnu/4.9/../../.. CMakeFiles/cmTryCompileExec485251299.dir/CMakeCCompilerABI.c.o -lgcc --as-needed -lgcc_s --no-as-needed -lc -lgcc --as-needed -lgcc_s --no-as-needed /usr/lib/gcc/x86_64-linux-gnu/4.9/crtend.o /usr/lib/gcc/x86_64-linux-gnu/4.9/../../../x86_64-linux-gnu/crtn.o
make[1]: Leaving directory '/home/mh/RTL/LATEST_RTL/DT_GIT/medusa/software/librtlhpsdr/build/CMakeFiles/CMakeTmp'


Parsed C implicit link information from above output:
  link line regex: [^( *|.*[/\])(ld|([^/\]+-)?ld|collect2)[^/\]*( |$)]
  ignore line: [Change Dir: /home/mh/RTL/LATEST_RTL/DT_GIT/medusa/software/librtlhpsdr/build/CMakeFiles/CMakeTmp]
  ignore line: []
  ignore line: [Run Build Command:"/usr/bin/make" "cmTryCompileExec485251299/fast"]
  ignore line: [/usr/bin/make -f CMakeFiles/cmTryCompileExec485251299.dir/build.make CMakeFiles/cmTryCompileExec485251299.dir/build]
  ignore line: [make[1]: Entering directory '/home/mh/RTL/LATEST_RTL/DT_GIT/medusa/software/librtlhpsdr/build/CMakeFiles/CMakeTmp']
  ignore line: [/usr/bin/cmake -E cmake_progress_report /home/mh/RTL/LATEST_RTL/DT_GIT/medusa/software/librtlhpsdr/build/CMakeFiles/CMakeTmp/CMakeFiles 1]
  ignore line: [Building C object CMakeFiles/cmTryCompileExec485251299.dir/CMakeCCompilerABI.c.o]
  ignore line: [/usr/bin/cc    -o CMakeFiles/cmTryCompileExec485251299.dir/CMakeCCompilerABI.c.o   -c /usr/share/cmake-3.0/Modules/CMakeCCompilerABI.c]
  ignore line: [Linking C executable cmTryCompileExec485251299]
  ignore line: [/usr/bin/cmake -E cmake_link_script CMakeFiles/cmTryCompileExec485251299.dir/link.txt --verbose=1]
  ignore line: [/usr/bin/cc     -v CMakeFiles/cmTryCompileExec485251299.dir/CMakeCCompilerABI.c.o  -o cmTryCompileExec485251299 -rdynamic  ]
  ignore line: [Using built-in specs.]
  ignore line: [COLLECT_GCC=/usr/bin/cc]
  ignore line: [COLLECT_LTO_WRAPPER=/usr/lib/gcc/x86_64-linux-gnu/4.9/lto-wrapper]
  ignore line: [Target: x86_64-linux-gnu]
  ignore line: [Configured with: ../src/configure -v --with-pkgversion='Debian 4.9.1-16' --with-bugurl=file:///usr/share/doc/gcc-4.9/README.Bugs --enable-languages=c,c++,java,go,d,fortran,objc,obj-c++ --prefix=/usr --program-suffix=-4.9 --enable-shared --enable-linker-build-id --libexecdir=/usr/lib --without-included-gettext --enable-threads=posix --with-gxx-include-dir=/usr/include/c++/4.9 --libdir=/usr/lib --enable-nls --with-sysroot=/ --enable-clocale=gnu --enable-libstdcxx-debug --enable-libstdcxx-time=yes --enable-gnu-unique-object --disable-vtable-verify --enable-plugin --with-system-zlib --disable-browser-plugin --enable-java-awt=gtk --enable-gtk-cairo --with-java-home=/usr/lib/jvm/java-1.5.0-gcj-4.9-amd64/jre --enable-java-home --with-jvm-root-dir=/usr/lib/jvm/java-1.5.0-gcj-4.9-amd64 --with-jvm-jar-dir=/usr/lib/jvm-exports/java-1.5.0-gcj-4.9-amd64 --with-arch-directory=amd64 --with-ecj-jar=/usr/share/java/eclipse-ecj.jar --enable-objc-gc --enable-multiarch --with-arch-32=i586 --with-abi=m64 --with-multilib-list=m32,m64,mx32 --enable-multilib --with-tune=generic --enable-checking=release --build=x86_64-linux-gnu --host=x86_64-linux-gnu --target=x86_64-linux-gnu]
  ignore line: [Thread model: posix]
  ignore line: [gcc version 4.9.1 (Debian 4.9.1-16) ]
  ignore line: [COMPILER_PATH=/usr/lib/gcc/x86_64-linux-gnu/4.9/:/usr/lib/gcc/x86_64-linux-gnu/4.9/:/usr/lib/gcc/x86_64-linux-gnu/:/usr/lib/gcc/x86_64-linux-gnu/4.9/:/usr/lib/gcc/x86_64-linux-gnu/]
  ignore line: [LIBRARY_PATH=/usr/lib/gcc/x86_64-linux-gnu/4.9/:/usr/lib/gcc/x86_64-linux-gnu/4.9/../../../x86_64-linux-gnu/:/usr/lib/gcc/x86_64-linux-gnu/4.9/../../../../lib/:/lib/x86_64-linux-gnu/:/lib/../lib/:/usr/lib/x86_64-linux-gnu/:/usr/lib/../lib/:/usr/lib/gcc/x86_64-linux-gnu/4.9/../../../:/lib/:/usr/lib/]
  ignore line: [COLLECT_GCC_OPTIONS='-v' '-o' 'cmTryCompileExec485251299' '-rdynamic' '-mtune=generic' '-march=x86-64']
  link line: [ /usr/lib/gcc/x86_64-linux-gnu/4.9/collect2 -plugin /usr/lib/gcc/x86_64-linux-gnu/4.9/liblto_plugin.so -plugin-opt=/usr/lib/gcc/x86_64-linux-gnu/4.9/lto-wrapper -plugin-opt=-fresolution=/tmp/cc51ghgB.res -plugin-opt=-pass-through=-lgcc -plugin-opt=-pass-through=-lgcc_s -plugin-opt=-pass-through=-lc -plugin-opt=-pass-through=-lgcc -plugin-opt=-pass-through=-lgcc_s --sysroot=/ --build-id --eh-frame-hdr -m elf_x86_64 --hash-style=gnu -export-dynamic -dynamic-linker /lib64/ld-linux-x86-64.so.2 -o cmTryCompileExec485251299 /usr/lib/gcc/x86_64-linux-gnu/4.9/../../../x86_64-linux-gnu/crt1.o /usr/lib/gcc/x86_64-linux-gnu/4.9/../../../x86_64-linux-gnu/crti.o /usr/lib/gcc/x86_64-linux-gnu/4.9/crtbegin.o -L/usr/lib/gcc/x86_64-linux-gnu/4.9 -L/usr/lib/gcc/x86_64-linux-gnu/4.9/../../../x86_64-linux-gnu -L/usr/lib/gcc/x86_64-linux-gnu/4.9/../../../../lib -L/lib/x86_64-linux-gnu -L/lib/../lib -L/usr/lib/x86_64-linux-gnu -L/usr/lib/../lib -L/usr/lib/gcc/x86_64-linux-gnu/4.9/../../.. CMakeFiles/cmTryCompileExec485251299.dir/CMakeCCompilerABI.c.o -lgcc --as-needed -lgcc_s --no-as-needed -lc -lgcc --as-needed -lgcc_s --no-as-needed /usr/lib/gcc/x86_64-linux-gnu/4.9/crtend.o /usr/lib/gcc/x86_64-linux-gnu/4.9/../../../x86_64-linux-gnu/crtn.o]
    arg [/usr/lib/gcc/x86_64-linux-gnu/4.9/collect2] ==> ignore
    arg [-plugin] ==> ignore
    arg [/usr/lib/gcc/x86_64-linux-gnu/4.9/liblto_plugin.so] ==> ignore
    arg [-plugin-opt=/usr/lib/gcc/x86_64-linux-gnu/4.9/lto-wrapper] ==> ignore
    arg [-plugin-opt=-fresolution=/tmp/cc51ghgB.res] ==> ignore
    arg [-plugin-opt=-pass-through=-lgcc] ==> ignore
    arg [-plugin-opt=-pass-through=-lgcc_s] ==> ignore
    arg [-plugin-opt=-pass-through=-lc] ==> ignore
    arg [-plugin-opt=-pass-through=-lgcc] ==> ignore
    arg [-plugin-opt=-pass-through=-lgcc_s] ==> ignore
    arg [--sysroot=/] ==> ignore
    arg [--build-id] ==> ignore
    arg [--eh-frame-hdr] ==> ignore
    arg [-m] ==> ignore
    arg [elf_x86_64] ==> ignore
    arg [--hash-style=gnu] ==> ignore
    arg [-export-dynamic] ==> ignore
    arg [-dynamic-linker] ==> ignore
    arg [/lib64/ld-linux-x86-64.so.2] ==> ignore
    arg [-o] ==> ignore
    arg [cmTryCompileExec485251299] ==> ignore
    arg [/usr/lib/gcc/x86_64-linux-gnu/4.9/../../../x86_64-linux-gnu/crt1.o] ==> ignore
    arg [/usr/lib/gcc/x86_64-linux-gnu/4.9/../../../x86_64-linux-gnu/crti.o] ==> ignore
    arg [/usr/lib/gcc/x86_64-linux-gnu/4.9/crtbegin.o] ==> ignore
    arg [-L/usr/lib/gcc/x86_64-linux-gnu/4.9] ==> dir [/usr/lib/gcc/x86_64-linux-gnu/4.9]
    arg [-L/usr/lib/gcc/x86_64-linux-gnu/4.9/../../../x86_64-linux-gnu] ==> dir [/usr/lib/gcc/x86_64-linux-gnu/4.9/../../../x86_64-linux-gnu]
    arg [-L/usr/lib/gcc/x86_64-linux-gnu/4.9/../../../../lib] ==> dir [/usr/lib/gcc/x86_64-linux-gnu/4.9/../../../../lib]
    arg [-L/lib/x86_64-linux-gnu] ==> dir [/lib/x86_64-linux-gnu]
    arg [-L/lib/../lib] ==> dir [/lib/../lib]
    arg [-L/usr/lib/x86_64-linux-gnu] ==> dir [/usr/lib/x86_64-linux-gnu]
    arg [-L/usr/lib/../lib] ==> dir [/usr/lib/../lib]
    arg [-L/usr/lib/gcc/x86_64-linux-gnu/4.9/../../..] ==> dir [/usr/lib/gcc/x86_64-linux-gnu/4.9/../../..]
    arg [CMakeFiles/cmTryCompileExec485251299.dir/CMakeCCompilerABI.c.o] ==> ignore
    arg [-lgcc] ==> lib [gcc]
    arg [--as-needed] ==> ignore
    arg [-lgcc_s] ==> lib [gcc_s]
    arg [--no-as-needed] ==> ignore
    arg [-lc] ==> lib [c]
    arg [-lgcc] ==> lib [gcc]
    arg [--as-needed] ==> ignore
    arg [-lgcc_s] ==> lib [gcc_s]
    arg [--no-as-needed] ==> ignore
    arg [/usr/lib/gcc/x86_64-linux-gnu/4.9/crtend.o] ==> ignore
    arg [/usr/lib/gcc/x86_64-linux-gnu/4.9/../../../x86_64-linux-gnu/crtn.o] ==> ignore
  remove lib [gcc]
  remove lib [gcc_s]
  remove lib [gcc]
  remove lib [gcc_s]
  collapse library dir [/usr/lib/gcc/x86_64-linux-gnu/4.9] ==> [/usr/lib/gcc/x86_64-linux-gnu/4.9]
  collapse library dir [/usr/lib/gcc/x86_64-linux-gnu/4.9/../../../x86_64-linux-gnu] ==> [/usr/lib/x86_64-linux-gnu]
  collapse library dir [/usr/lib/gcc/x86_64-linux-gnu/4.9/../../../../lib] ==> [/usr/lib]
  collapse library dir [/lib/x86_64-linux-gnu] ==> [/lib/x86_64-linux-gnu]
  collapse library dir [/lib/../lib] ==> [/lib]
  collapse library dir [/usr/lib/x86_64-linux-gnu] ==> [/usr/lib/x86_64-linux-gnu]
  collapse library dir [/usr/lib/../lib] ==> [/usr/lib]
  collapse library dir [/usr/lib/gcc/x86_64-linux-gnu/4.9/../../..] ==> [/usr/lib]
  implicit libs: [c]
  implicit dirs: [/usr/lib/gcc/x86_64-linux-gnu/4.9;/usr/lib/x86_64-linux-gnu;/usr/lib;/lib/x86_64-linux-gnu;/lib]
  implicit fwks: []


Determining if the function libusb_handle_events_timeout_completed exists passed with the following output:
Change Dir: /home/mh/RTL/LATEST_RTL/DT_GIT/medusa/software/librtlhpsdr/build/CMakeFiles/CMakeTmp

Run Build Command:"/usr/bin/make" "cmTryCompileExec1649122451/fast"
/usr/bin/make -f CMakeFiles/cmTryCompileExec1649122451.dir/build.make CMakeFiles/cmTryCompileExec1649122451.dir/build
make[1]: Entering directory '/home/mh/RTL/LATEST_RTL/DT_GIT/medusa/software/librtlhpsdr/build/CMakeFiles/CMakeTmp'
/usr/bin/cmake -E cmake_progress_report /home/mh/RTL/LATEST_RTL/DT_GIT/medusa/software/librtlhpsdr/build/CMakeFiles/CMakeTmp/CMakeFiles 1
Building C object CMakeFiles/cmTryCompileExec1649122451.dir/CheckFunctionExists.c.o
/usr/bin/cc   -DCHECK_FUNCTION_EXISTS=libusb_handle_events_timeout_completed   -o CMakeFiles/cmTryCompileExec1649122451.dir/CheckFunctionExists.c.o   -c /usr/share/cmake-3.0/Modules/CheckFunctionExists.c
Linking C executable cmTryCompileExec1649122451
/usr/bin/cmake -E cmake_link_script CMakeFiles/cmTryCompileExec1649122451.dir/link.txt --verbose=1
/usr/bin/cc   -DCHECK_FUNCTION_EXISTS=libusb_handle_events_timeout_completed    CMakeFiles/cmTryCompileExec1649122451.dir/CheckFunctionExists.c.o  -o cmTryCompileExec1649122451 -rdynamic -lusb-1.0 
make[1]: Leaving directory '/home/mh/RTL/LATEST_RTL/DT_GIT/medusa/software/librtlhpsdr/build/CMakeFiles/CMakeTmp'


Determining if the function libusb_error_name exists passed with the following output:
Change Dir: /home/mh/RTL/LATEST_RTL/DT_GIT/medusa/software/librtlhpsdr/build/CMakeFiles/CMakeTmp

Run Build Command:"/usr/bin/make" "cmTryCompileExec313990276/fast"
/usr/bin/make -f CMakeFiles/cmTryCompileExec313990276.dir/build.make CMakeFiles/cmTryCompileExec313990276.dir/build
make[1]: Entering directory '/home/mh/RTL/LATEST_RTL/DT_GIT/medusa/software/librtlhpsdr/build/CMakeFiles/CMakeTmp'
/usr/bin/cmake -E cmake_progress_report /home/mh/RTL/LATEST_RTL/DT_GIT/medusa/software/librtlhpsdr/build/CMakeFiles/CMakeTmp/CMakeFiles 1
Building C object CMakeFiles/cmTryCompileExec313990276.dir/CheckFunctionExists.c.o
/usr/bin/cc   -DCHECK_FUNCTION_EXISTS=libusb_error_name   -o CMakeFiles/cmTryCompileExec313990276.dir/CheckFunctionExists.c.o   -c /usr/share/cmake-3.0/Modules/CheckFunctionExists.c
Linking C executable cmTryCompileExec313990276
/usr/bin/cmake -E cmake_link_script CMakeFiles/cmTryCompileExec313990276.dir/link.txt --verbose=1
/usr/bin/cc   -DCHECK_FUNCTION_EXISTS=libusb_error_name    CMakeFiles/cmTryCompileExec313990276.dir/CheckFunctionExists.c.o  -o cmTryCompileExec313990276 -rdynamic -lusb-1.0 
make[1]: Leaving directory '/home/mh/RTL/LATEST_RTL/DT_GIT/medusa/software/librtlhpsdr/build/CMakeFiles/CMakeTmp'


Determining if files pthread.h exist passed with the following output:
Change Dir: /home/mh/RTL/LATEST_RTL/DT_GIT/medusa/software/librtlhpsdr/build/CMakeFiles/CMakeTmp

Run Build Command:"/usr/bin/make" "cmTryCompileExec3391024122/fast"
/usr/bin/make -f CMakeFiles/cmTryCompileExec3391024122.dir/build.make CMakeFiles/cmTryCompileExec3391024122.dir/build
make[1]: Entering directory '/home/mh/RTL/LATEST_RTL/DT_GIT/medusa/software/librtlhpsdr/build/CMakeFiles/CMakeTmp'
/usr/bin/cmake -E cmake_progress_report /home/mh/RTL/LATEST_RTL/DT_GIT/medusa/software/librtlhpsdr/build/CMakeFiles/CMakeTmp/CMakeFiles 1
Building C object CMakeFiles/cmTryCompileExec3391024122.dir/CheckIncludeFiles.c.o
/usr/bin/cc    -o CMakeFiles/cmTryCompileExec3391024122.dir/CheckIncludeFiles.c.o   -c /home/mh/RTL/LATEST_RTL/DT_GIT/medusa/software/librtlhpsdr/build/CMakeFiles/CMakeTmp/CheckIncludeFiles.c
Linking C executable cmTryCompileExec3391024122
/usr/bin/cmake -E cmake_link_script CMakeFiles/cmTryCompileExec3391024122.dir/link.txt --verbose=1
/usr/bin/cc       CMakeFiles/cmTryCompileExec3391024122.dir/CheckIncludeFiles.c.o  -o cmTryCompileExec3391024122 -rdynamic 
make[1]: Leaving directory '/home/mh/RTL/LATEST_RTL/DT_GIT/medusa/software/librtlhpsdr/build/CMakeFiles/CMakeTmp'


Determining if the function pthread_create exists in the pthread passed with the following output:
Change Dir: /home/mh/RTL/LATEST_RTL/DT_GIT/medusa/software/librtlhpsdr/build/CMakeFiles/CMakeTmp

Run Build Command:"/usr/bin/make" "cmTryCompileExec1532240003/fast"
/usr/bin/make -f CMakeFiles/cmTryCompileExec1532240003.dir/build.make CMakeFiles/cmTryCompileExec1532240003.dir/build
make[1]: Entering directory '/home/mh/RTL/LATEST_RTL/DT_GIT/medusa/software/librtlhpsdr/build/CMakeFiles/CMakeTmp'
/usr/bin/cmake -E cmake_progress_report /home/mh/RTL/LATEST_RTL/DT_GIT/medusa/software/librtlhpsdr/build/CMakeFiles/CMakeTmp/CMakeFiles 1
Building C object CMakeFiles/cmTryCompileExec1532240003.dir/CheckFunctionExists.c.o
/usr/bin/cc   -DCHECK_FUNCTION_EXISTS=pthread_create   -o CMakeFiles/cmTryCompileExec1532240003.dir/CheckFunctionExists.c.o   -c /usr/share/cmake-3.0/Modules/CheckFunctionExists.c
Linking C executable cmTryCompileExec1532240003
/usr/bin/cmake -E cmake_link_script CMakeFiles/cmTryCompileExec1532240003.dir/link.txt --verbose=1
/usr/bin/cc   -DCHECK_FUNCTION_EXISTS=pthread_create    CMakeFiles/cmTryCompileExec1532240003.dir/CheckFunctionExists.c.o  -o cmTryCompileExec1532240003 -rdynamic -lpthread -lusb-1.0 
make[1]: Leaving directory '/home/mh/RTL/LATEST_RTL/DT_GIT/medusa/software/librtlhpsdr/build/CMakeFiles/CMakeTmp'


Performing C SOURCE FILE Test HAS_SSE3_EXTENSIONS succeded with the following output:
Change Dir: /home/mh/RTL/LATEST_RTL/DT_GIT/medusa/software/librtlhpsdr/build/CMakeFiles/CMakeTmp

Run Build Command:"/usr/bin/make" "cmTryCompileExec1107372891/fast"
/usr/bin/make -f CMakeFiles/cmTryCompileExec1107372891.dir/build.make CMakeFiles/cmTryCompileExec1107372891.dir/build
make[1]: Entering directory '/home/mh/RTL/LATEST_RTL/DT_GIT/medusa/software/librtlhpsdr/build/CMakeFiles/CMakeTmp'
/usr/bin/cmake -E cmake_progress_report /home/mh/RTL/LATEST_RTL/DT_GIT/medusa/software/librtlhpsdr/build/CMakeFiles/CMakeTmp/CMakeFiles 1
Building C object CMakeFiles/cmTryCompileExec1107372891.dir/src.c.o
/usr/bin/cc   -DHAS_SSE3_EXTENSIONS -msse3   -o CMakeFiles/cmTryCompileExec1107372891.dir/src.c.o   -c /home/mh/RTL/LATEST_RTL/DT_GIT/medusa/software/librtlhpsdr/build/CMakeFiles/CMakeTmp/src.c
Linking C executable cmTryCompileExec1107372891
/usr/bin/cmake -E cmake_link_script CMakeFiles/cmTryCompileExec1107372891.dir/link.txt --verbose=1
/usr/bin/cc   -DHAS_SSE3_EXTENSIONS -msse3    CMakeFiles/cmTryCompileExec1107372891.dir/src.c.o  -o cmTryCompileExec1107372891 -rdynamic -lusb-1.0 
make[1]: Leaving directory '/home/mh/RTL/LATEST_RTL/DT_GIT/medusa/software/librtlhpsdr/build/CMakeFiles/CMakeTmp'

Return value: 1
Source file was:

	#include <pmmintrin.h>
  
	int main()
	{
		__m128d a, b;
		double vals[2] = {0};
		a = _mm_loadu_pd(vals);
		b = _mm_hadd_pd(a,a);
		_mm_storeu_pd(vals, b);
		return 0;
	}
Performing C SOURCE FILE Test HAS_SSE2_EXTENSIONS succeded with the following output:
Change Dir: /home/mh/RTL/LATEST_RTL/DT_GIT/medusa/software/librtlhpsdr/build/CMakeFiles/CMakeTmp

Run Build Command:"/usr/bin/make" "cmTryCompileExec3786641182/fast"
/usr/bin/make -f CMakeFiles/cmTryCompileExec3786641182.dir/build.make CMakeFiles/cmTryCompileExec3786641182.dir/build
make[1]: Entering directory '/home/mh/RTL/LATEST_RTL/DT_GIT/medusa/software/librtlhpsdr/build/CMakeFiles/CMakeTmp'
/usr/bin/cmake -E cmake_progress_report /home/mh/RTL/LATEST_RTL/DT_GIT/medusa/software/librtlhpsdr/build/CMakeFiles/CMakeTmp/CMakeFiles 1
Building C object CMakeFiles/cmTryCompileExec3786641182.dir/src.c.o
/usr/bin/cc   -DHAS_SSE2_EXTENSIONS -msse2   -o CMakeFiles/cmTryCompileExec3786641182.dir/src.c.o   -c /home/mh/RTL/LATEST_RTL/DT_GIT/medusa/software/librtlhpsdr/build/CMakeFiles/CMakeTmp/src.c
Linking C executable cmTryCompileExec3786641182
/usr/bin/cmake -E cmake_link_script CMakeFiles/cmTryCompileExec3786641182.dir/link.txt --verbose=1
/usr/bin/cc   -DHAS_SSE2_EXTENSIONS -msse2    CMakeFiles/cmTryCompileExec3786641182.dir/src.c.o  -o cmTryCompileExec3786641182 -rdynamic -lusb-1.0 
make[1]: Leaving directory '/home/mh/RTL/LATEST_RTL/DT_GIT/medusa/software/librtlhpsdr/build/CMakeFiles/CMakeTmp'

Return value: 1
Source file was:

	#include <emmintrin.h>
  
	int main()
	{
		 __m128d a, b;
		 double vals[2] = {0};
		 a = _mm_loadu_pd(vals);
		 b = _mm_add_pd(a,a);
		 _mm_storeu_pd(vals,b);
		 return 0;
	}
